1615984566448	geckodriver	INFO	Listening on 127.0.0.1:61812
1615984649246	geckodriver	INFO	Listening on 127.0.0.1:62039
1615984652319	mozrunner::runner	INFO	Running command: "C:\\Program Files\\Mozilla Firefox\\firefox.exe" "--marionette" "-foreground" "-no-remote" "-profile" "C:\\Users\\GEORGE~1\\AppData\\Local\\Temp\\rust_mozprofileCWFyZ3"
console.warn: SearchSettings: "get: No settings file exists, new profile?" (new Error("", "(unknown module)"))
1615984655882	Marionette	INFO	Listening on port 62047
1615984656118	Marionette	WARN	TLS certificate errors will be ignored for this session

###!!! [Child][RunMessage] Error: Channel closing: too late to send/recv, messages will be lost

1615985341078	Marionette	INFO	Stopped listening on port 62047

###!!! [Child][RunMessage] Error: Channel closing: too late to send/recv, messages will be lost

_mozprofileorC8Em"
console.warn: SearchSettings: "get: No settings file exists, new profile?" (new Error("", "(unknown module)"))
1615984720499	Marionette	INFO	Listening on port 62135
1615984720924	Marionette	WARN	TLS certificate errors will be ignored for this session
JavaScript error: resource://gre/actors/AutoCompleteChild.jsm, line 125: Error: Invalid autocomplete selectedIndex
JavaScript error: resource://gre/actors/AutoCompleteChild.jsm, line 125: Error: Invalid autocomplete selectedIndex
JavaScript error: resource://gre/modules/LoginManagerChild.jsm, line 190: NS_ERROR_XPC_JAVASCRIPT_ERROR_WITH_DETAILS: [JavaScript Error: "Invalid autocomplete selectedIndex" {file: "resource://gre/actors/AutoCompleteChild.jsm" line: 125}]'[JavaScript Error: "Invalid autocomplete selectedIndex" {file: "resource://gre/actors/AutoCompleteChild.jsm" line: 125}]' when calling method: [nsIAutoCompletePopup::selectedIndex]
console.warn: LoginRecipes: "getRecipes: falling back to a synchronous message for:" "https://jira.usf.edu"
JavaScript error: resource://gre/modules/LoginManagerParent.jsm, line 119: TypeError: gRecipeManager is null
console.warn: LoginRecipes: "getRecipes: falling back to a synchronous message for:" "https://jira.usf.edu"
JavaScript error: resource://gre/modules/LoginManagerParent.jsm, line 119: TypeError: gRecipeManager is null
console.warn: LoginRecipes: "getRecipes: falling back to a synchronous message for:" "https://jira.usf.edu"
JavaScript error: resource://gre/modules/LoginManagerParent.jsm, line 119: TypeError: gRecipeManager is null
console.warn: LoginRecipes: "getRecipes: falling back to a synchronous message for:" "https://jira.usf.edu"
JavaScript error: resource://gre/modules/LoginManagerParent.jsm, line 119: TypeError: gRecipeManager is null

###!!! [Child][RunMessage] Error: Channel closing: too late to send/recv, messages will be lost

1615985341179	Marionette	INFO	Stopped listening on port 62135

###!!! [Child][RunMessage] Error: Channel closing: too late to send/recv, messages will be lost

 certificate errors will be ignored for this session
1615985036700	Marionette	INFO	Stopped listening on port 62391

###!!! [Child][RunMessage] Error: Channel closing: too late to send/recv, messages will be lost

1615985040773	geckodriver	INFO	Listening on 127.0.0.1:62467
1615985043865	mozrunner::runner	INFO	Running command: "C:\\Program Files\\Mozilla Firefox\\firefox.exe" "--marionette" "-foreground" "-no-remote" "-profile" "C:\\Users\\GEORGE~1\\AppData\\Local\\Temp\\rust_mozprofilesj2Wvp"
console.warn: SearchSettings: "get: No settings file exists, new profile?" (new Error("", "(unknown module)"))
1615985047663	Marionette	INFO	Listening on port 62478
1615985048086	Marionette	WARN	TLS certificate errors will be ignored for this session
1615985075470	Marionette	INFO	Stopped listening on port 62478

###!!! [Child][RunMessage] Error: Channel closing: too late to send/recv, messages will be lost

1615985081114	geckodriver	INFO	Listening on 127.0.0.1:62559
1615985084243	mozrunner::runner	INFO	Running command: "C:\\Program Files\\Mozilla Firefox\\firefox.exe" "--marionette" "-foreground" "-no-remote" "-profile" "C:\\Users\\GEORGE~1\\AppData\\Local\\Temp\\rust_mozprofileiQn7CE"
console.warn: SearchSettings: "get: No settings file exists, new profile?" (new Error("", "(unknown module)"))
1615985087769	Marionette	INFO	Listening on port 62569
1615985088247	Marionette	WARN	TLS certificate errors will be ignored for this session

###!!! [Child][RunMessage] Error: Channel closing: too late to send/recv, messages will be lost

1615985341469	Marionette	INFO	Stopped listening on port 62569

###!!! [Child][RunMessage] Error: Channel closing: too late to send/recv, messages will be lost

_mozprofileW1aTxW"
console.warn: SearchSettings: "get: No settings file exists, new profile?" (new Error("", "(unknown module)"))
1615985149489	Marionette	INFO	Listening on port 62676
1615985149921	Marionette	WARN	TLS certificate errors will be ignored for this session
1615985338792	Marionette	INFO	Stopped listening on port 62676

###!!! [Child][RunMessage] Error: Channel closing: too late to send/recv, messages will be lost

1615985344979	geckodriver	INFO	Listening on 127.0.0.1:62873
1615985348082	mozrunner::runner	INFO	Running command: "C:\\Program Files\\Mozilla Firefox\\firefox.exe" "--marionette" "-foreground" "-no-remote" "-profile" "C:\\Users\\GEORGE~1\\AppData\\Local\\Temp\\rust_mozprofilenDvU2u"
console.warn: SearchSettings: "get: No settings file exists, new profile?" (new Error("", "(unknown module)"))
1615985351314	Marionette	INFO	Listening on port 62884
1615985351880	Marionette	WARN	TLS certificate errors will be ignored for this session

###!!! [Child][RunMessage] Error: Channel closing: too late to send/recv, messages will be lost


###!!! [Child][MessageChannel] Error: (msgtype=0x3A015A,name=PContent::Msg_InsertNewFocusActionId) Closed channel: cannot send/recv


###!!! [Child][MessageChannel] Error: (msgtype=0x3A0161,name=PContent::Msg_CommitWindowContextTransaction) Closed channel: cannot send/recv

 module)"))
1615985412796	Marionette	INFO	Listening on port 62999
1615985413251	Marionette	WARN	TLS certificate errors will be ignored for this session
1615985471259	Marionette	INFO	Stopped listening on port 62999

###!!! [Child][RunMessage] Error: Channel closing: too late to send/recv, messages will be lost

"--marionette" "-foreground" "-no-remote" "-profile" "C:\\Users\\GEORGE~1\\AppData\\Local\\Temp\\rust_mozprofile9Mb2tp"
console.warn: SearchSettings: "get: No settings file exists, new profile?" (new Error("", "(unknown module)"))
1615985449836	Marionette	INFO	Listening on port 63113
1615985450219	Marionette	WARN	TLS certificate errors will be ignored for this session
1615985470164	Marionette	INFO	Stopped listening on port 63113

###!!! [Child][RunMessage] Error: Channel closing: too late to send/recv, messages will be lost

1615989206633	geckodriver	INFO	Listening on 127.0.0.1:62507
1615989209753	mozrunner::runner	INFO	Running command: "C:\\Program Files\\Mozilla Firefox\\firefox.exe" "--marionette" "-foreground" "-no-remote" "-profile" "C:\\Users\\GEORGE~1\\AppData\\Local\\Temp\\rust_mozprofileZGpWZT"
console.warn: SearchSettings: "get: No settings file exists, new profile?" (new Error("", "(unknown module)"))
1615989212205	Marionette	INFO	Listening on port 62516
1615989212458	Marionette	WARN	TLS certificate errors will be ignored for this session
1615989235115	Marionette	INFO	Stopped listening on port 62516

###!!! [Child][RunMessage] Error: Channel closing: too late to send/recv, messages will be lost

1616597469584	geckodriver	INFO	Listening on 127.0.0.1:62086
1616597472655	mozrunner::runner	INFO	Running command: "C:\\Program Files\\Mozilla Firefox\\firefox.exe" "--marionette" "-foreground" "-no-remote" "-profile" "C:\\Users\\GEORGE~1\\AppData\\Local\\Temp\\rust_mozprofileosOZoC"
console.warn: SearchSettings: "get: No settings file exists, new profile?" (new Error("", "(unknown module)"))
1616597477870	Marionette	INFO	Listening on port 62095
1616597485191	Marionette	INFO	Stopped listening on port 62095

###!!! [Child][RunMessage] Error: Channel closing: too late to send/recv, messages will be lost

